2025-02-22 16:13:31,453 - INFO - Starting Alert Shark Bot...
2025-02-22 16:13:31,454 - INFO - Getting BTC monitor update...
2025-02-22 16:35:59,536 - INFO - Starting Alert Shark Bot...
2025-02-22 16:35:59,537 - INFO - Getting BTC monitor update...
2025-02-22 16:54:45,992 - INFO - Starting Alert Shark Bot...
2025-02-22 16:54:45,992 - INFO - Getting BTC monitor update...
2025-02-22 19:57:13,238 - INFO - Starting Alert Shark Bot...
2025-02-22 19:57:13,238 - INFO - Getting BTC monitor update...
2025-02-22 20:01:07,096 - INFO - Starting Alert Shark Bot...
2025-02-22 20:01:07,096 - INFO - Getting BTC monitor update...
2025-02-22 20:02:08,914 - INFO - Starting Alert Shark Bot...
2025-02-22 20:02:08,915 - INFO - Getting BTC monitor update...
2025-02-23 06:21:38,070 - INFO - Starting Alert Shark Bot...
2025-02-23 06:21:38,070 - INFO - Getting BTC monitor update...
2025-02-23 06:30:07,718 - INFO - Starting Alert Shark Bot...
2025-02-23 06:30:07,719 - INFO - Getting BTC monitor update...
2025-02-23 18:06:31,101 - INFO - Starting Alert Shark Bot...
2025-02-23 18:06:31,102 - INFO - Getting BTC monitor updates...
2025-02-24 03:01:24,466 - INFO - Starting Alert Shark Bot...
2025-02-24 03:01:24,466 - INFO - Getting BTC monitor updates...
2025-02-24 03:26:54,580 - INFO - Starting Alert Shark Bot with enhanced tracking...
2025-02-24 03:26:54,580 - INFO - Getting BTC monitor updates (all addresses)...
2025-02-24 03:33:52,018 - INFO - Starting Alert Shark Bot with reordered priority...
2025-02-24 03:33:52,018 - INFO - Getting BTC price bar update...
2025-02-24 03:33:56,126 - INFO - Tweet posted successfully
2025-02-24 03:33:56,126 - INFO - Waiting 2 minutes after BTC price update...
2025-02-24 03:35:56,134 - INFO - Getting BTC monitor updates...
2025-02-24 03:48:01,817 - INFO - Starting Alert Shark Bot...
2025-02-24 03:48:01,818 - INFO - Getting BTC price bar update...
2025-02-24 03:48:05,708 - INFO - Tweet posted successfully
2025-02-24 03:50:05,716 - INFO - Checking for BTC transactions...
2025-02-24 08:26:46,079 - INFO - Starting Alert Shark Bot...
2025-02-24 08:26:46,079 - INFO - Getting BTC price bar update...
2025-02-24 08:26:51,096 - INFO - Tweet posted successfully
2025-02-24 08:28:51,100 - INFO - Checking for BTC transactions...
2025-02-24 10:34:13,785 - INFO - Starting Alert Shark Bot...
2025-02-24 10:34:13,786 - INFO - Getting BTC price bar update...
2025-02-24 10:34:15,819 - INFO - Tweet posted successfully
2025-02-24 10:36:15,821 - INFO - Checking for BTC transactions...
2025-02-24 14:42:14,728 - INFO - Starting Alert Shark Bot...
2025-02-24 14:42:14,734 - INFO - Getting BTC price bar update...
2025-02-24 14:42:16,379 - WARNING - Rate limit exceeded. Sleeping for 879 seconds.
2025-02-24 18:50:07,079 - INFO - Starting Alert Shark Bot...
2025-02-24 18:50:07,079 - INFO - Getting BTC price bar update...
2025-02-24 18:50:08,771 - WARNING - Rate limit exceeded. Sleeping for 892 seconds.
2025-02-25 03:14:56,369 - INFO - Starting Alert Shark Bot...
2025-02-25 03:14:56,370 - INFO - Getting BTC price bar update...
2025-02-25 03:14:57,920 - WARNING - Rate limit exceeded. Sleeping for 902 seconds.
2025-02-25 06:47:57,084 - INFO - Starting Alert Shark Bot...
2025-02-25 06:47:57,084 - INFO - Getting BTC price bar update...
2025-02-25 06:47:58,564 - WARNING - Rate limit exceeded. Sleeping for 888 seconds.
2025-02-25 07:28:54,375 - INFO - Starting Alert Shark Bot...
2025-02-25 07:28:54,376 - INFO - Getting BTC price bar update...
2025-02-25 07:28:56,307 - WARNING - Rate limit exceeded. Sleeping for 54 seconds.
2025-02-25 09:56:07,315 - INFO - Starting Alert Shark Bot...
2025-02-25 09:56:07,316 - INFO - Getting BTC price bar update...
2025-02-25 09:56:09,004 - INFO - Tweet posted successfully
2025-02-25 15:33:14,899 - INFO - Starting Alert Shark Bot...
2025-02-25 15:33:14,899 - INFO - Getting BTC price bar update...
2025-02-25 15:33:16,492 - INFO - Tweet posted successfully
2025-02-25 17:37:27,724 - INFO - Starting Alert Shark Bot...
2025-02-25 17:37:27,724 - INFO - Getting BTC price bar update...
2025-02-25 17:37:29,384 - INFO - Tweet posted successfully
2025-02-25 17:38:41,148 - INFO - Starting Alert Shark Bot...
2025-02-25 17:38:41,148 - INFO - Getting BTC price bar update...
2025-02-25 17:38:42,776 - INFO - Tweet posted successfully
2025-02-25 17:40:42,779 - INFO - Checking for BTC transactions...
2025-02-26 06:22:39,996 - INFO - Starting Alert Shark Bot...
2025-02-26 06:22:39,996 - INFO - Getting BTC price bar update...
2025-02-26 06:22:42,709 - WARNING - Rate limit exceeded. Sleeping for 832 seconds.
2025-02-26 15:47:51,703 - INFO - Starting Alert Shark Bot...
2025-02-26 15:47:51,705 - INFO - Getting BTC price bar update...
2025-02-26 15:48:02,505 - INFO - Tweet posted successfully
2025-02-27 16:19:05,052 - INFO - Starting Alert Shark Bot...
2025-02-27 16:19:05,053 - INFO - Getting BTC price bar update...
2025-02-27 16:19:09,775 - INFO - Tweet posted successfully
2025-02-27 16:21:09,771 - INFO - Checking for BTC transactions...
2025-02-27 16:39:48,285 - INFO - Starting Alert Shark Bot...
2025-02-27 16:39:48,286 - INFO - Getting BTC price bar update...
2025-02-27 16:39:52,594 - INFO - Tweet posted successfully
2025-02-27 22:51:06,154 - INFO - Starting Alert Shark Bot...
2025-02-27 22:51:06,154 - INFO - Getting BTC price bar update...
2025-03-01 05:45:50,624 - INFO - Starting Alert Shark Bot...
2025-03-01 05:45:50,630 - INFO - Getting BTC price bar update...
2025-03-01 05:45:52,754 - INFO - Tweet posted successfully
