2025-02-24 08:30:41,354 - INFO - Starting USDT transfer monitoring (min: $2,000.00)...
2025-02-24 08:33:51,566 - INFO - Starting USDT transfer monitoring (min: $2,000.00)...
2025-02-24 08:41:26,798 - INFO - Starting USDT transfer monitoring (min: $2,000.00)...
2025-02-24 08:41:45,428 - INFO - Starting USDT transfer monitoring (min: $2,000.00)...
2025-02-24 08:42:31,777 - INFO - Starting USDT transfer monitoring (min: $2,000.00)...
2025-02-24 09:19:58,205 - ERROR - Error getting latest block: HTTPSConnectionPool(host='api.etherscan.io', port=443): Max retries exceeded with url: /api/proxy?module=eth&action=eth_blockNumber (Caused by NewConnectionError('<urllib3.connection.HTTPSConnection object at 0x104d10e30>: Failed to establish a new connection: [Errno 51] Network is unreachable'))
2025-02-24 09:20:13,209 - ERROR - Error getting latest block: HTTPSConnectionPool(host='api.etherscan.io', port=443): Max retries exceeded with url: /api/proxy?module=eth&action=eth_blockNumber (Caused by NameResolutionError("<urllib3.connection.HTTPSConnection object at 0x104d129f0>: Failed to resolve 'api.etherscan.io' ([Errno 8] nodename nor servname provided, or not known)"))
2025-02-24 09:20:28,215 - ERROR - Error getting latest block: HTTPSConnectionPool(host='api.etherscan.io', port=443): Max retries exceeded with url: /api/proxy?module=eth&action=eth_blockNumber (Caused by NameResolutionError("<urllib3.connection.HTTPSConnection object at 0x1036be6c0>: Failed to resolve 'api.etherscan.io' ([Errno 8] nodename nor servname provided, or not known)"))
2025-02-24 09:20:43,222 - ERROR - Error getting latest block: HTTPSConnectionPool(host='api.etherscan.io', port=443): Max retries exceeded with url: /api/proxy?module=eth&action=eth_blockNumber (Caused by NameResolutionError("<urllib3.connection.HTTPSConnection object at 0x104d12930>: Failed to resolve 'api.etherscan.io' ([Errno 8] nodename nor servname provided, or not known)"))
2025-02-24 09:20:58,231 - ERROR - Error getting latest block: HTTPSConnectionPool(host='api.etherscan.io', port=443): Max retries exceeded with url: /api/proxy?module=eth&action=eth_blockNumber (Caused by NameResolutionError("<urllib3.connection.HTTPSConnection object at 0x104d13260>: Failed to resolve 'api.etherscan.io' ([Errno 8] nodename nor servname provided, or not known)"))
2025-02-24 09:21:13,236 - ERROR - Error getting latest block: HTTPSConnectionPool(host='api.etherscan.io', port=443): Max retries exceeded with url: /api/proxy?module=eth&action=eth_blockNumber (Caused by NameResolutionError("<urllib3.connection.HTTPSConnection object at 0x104d13b00>: Failed to resolve 'api.etherscan.io' ([Errno 8] nodename nor servname provided, or not known)"))
2025-02-24 09:21:28,244 - ERROR - Error getting latest block: HTTPSConnectionPool(host='api.etherscan.io', port=443): Max retries exceeded with url: /api/proxy?module=eth&action=eth_blockNumber (Caused by NameResolutionError("<urllib3.connection.HTTPSConnection object at 0x104d403b0>: Failed to resolve 'api.etherscan.io' ([Errno 8] nodename nor servname provided, or not known)"))
2025-02-24 09:21:43,251 - ERROR - Error getting latest block: HTTPSConnectionPool(host='api.etherscan.io', port=443): Max retries exceeded with url: /api/proxy?module=eth&action=eth_blockNumber (Caused by NameResolutionError("<urllib3.connection.HTTPSConnection object at 0x104d40c50>: Failed to resolve 'api.etherscan.io' ([Errno 8] nodename nor servname provided, or not known)"))
2025-02-24 09:21:58,266 - ERROR - Error getting latest block: HTTPSConnectionPool(host='api.etherscan.io', port=443): Max retries exceeded with url: /api/proxy?module=eth&action=eth_blockNumber (Caused by NameResolutionError("<urllib3.connection.HTTPSConnection object at 0x103ba65a0>: Failed to resolve 'api.etherscan.io' ([Errno 8] nodename nor servname provided, or not known)"))
2025-02-24 09:22:13,274 - ERROR - Error getting latest block: HTTPSConnectionPool(host='api.etherscan.io', port=443): Max retries exceeded with url: /api/proxy?module=eth&action=eth_blockNumber (Caused by NameResolutionError("<urllib3.connection.HTTPSConnection object at 0x104d13650>: Failed to resolve 'api.etherscan.io' ([Errno 8] nodename nor servname provided, or not known)"))
2025-02-24 09:22:28,282 - ERROR - Error getting latest block: HTTPSConnectionPool(host='api.etherscan.io', port=443): Max retries exceeded with url: /api/proxy?module=eth&action=eth_blockNumber (Caused by NameResolutionError("<urllib3.connection.HTTPSConnection object at 0x104d10ef0>: Failed to resolve 'api.etherscan.io' ([Errno 8] nodename nor servname provided, or not known)"))
2025-02-24 09:22:43,289 - ERROR - Error getting latest block: HTTPSConnectionPool(host='api.etherscan.io', port=443): Max retries exceeded with url: /api/proxy?module=eth&action=eth_blockNumber (Caused by NameResolutionError("<urllib3.connection.HTTPSConnection object at 0x104d12930>: Failed to resolve 'api.etherscan.io' ([Errno 8] nodename nor servname provided, or not known)"))
2025-02-24 09:22:58,292 - ERROR - Error getting latest block: HTTPSConnectionPool(host='api.etherscan.io', port=443): Max retries exceeded with url: /api/proxy?module=eth&action=eth_blockNumber (Caused by NameResolutionError("<urllib3.connection.HTTPSConnection object at 0x104d12d20>: Failed to resolve 'api.etherscan.io' ([Errno 8] nodename nor servname provided, or not known)"))
2025-02-24 09:23:13,297 - ERROR - Error getting latest block: HTTPSConnectionPool(host='api.etherscan.io', port=443): Max retries exceeded with url: /api/proxy?module=eth&action=eth_blockNumber (Caused by NameResolutionError("<urllib3.connection.HTTPSConnection object at 0x104d40cb0>: Failed to resolve 'api.etherscan.io' ([Errno 8] nodename nor servname provided, or not known)"))
2025-02-24 09:23:28,306 - ERROR - Error getting latest block: HTTPSConnectionPool(host='api.etherscan.io', port=443): Max retries exceeded with url: /api/proxy?module=eth&action=eth_blockNumber (Caused by NameResolutionError("<urllib3.connection.HTTPSConnection object at 0x104d400b0>: Failed to resolve 'api.etherscan.io' ([Errno 8] nodename nor servname provided, or not known)"))
2025-02-24 09:23:43,312 - ERROR - Error getting latest block: HTTPSConnectionPool(host='api.etherscan.io', port=443): Max retries exceeded with url: /api/proxy?module=eth&action=eth_blockNumber (Caused by NameResolutionError("<urllib3.connection.HTTPSConnection object at 0x104d12ba0>: Failed to resolve 'api.etherscan.io' ([Errno 8] nodename nor servname provided, or not known)"))
2025-02-24 09:25:33,238 - ERROR - Error getting latest block: HTTPSConnectionPool(host='api.etherscan.io', port=443): Max retries exceeded with url: /api/proxy?module=eth&action=eth_blockNumber (Caused by NameResolutionError("<urllib3.connection.HTTPSConnection object at 0x104d11940>: Failed to resolve 'api.etherscan.io' ([Errno 8] nodename nor servname provided, or not known)"))
2025-02-24 09:25:48,252 - ERROR - Error getting latest block: HTTPSConnectionPool(host='api.etherscan.io', port=443): Max retries exceeded with url: /api/proxy?module=eth&action=eth_blockNumber (Caused by NameResolutionError("<urllib3.connection.HTTPSConnection object at 0x104d13950>: Failed to resolve 'api.etherscan.io' ([Errno 8] nodename nor servname provided, or not known)"))
2025-02-24 09:26:03,263 - ERROR - Error getting latest block: HTTPSConnectionPool(host='api.etherscan.io', port=443): Max retries exceeded with url: /api/proxy?module=eth&action=eth_blockNumber (Caused by NameResolutionError("<urllib3.connection.HTTPSConnection object at 0x104d13860>: Failed to resolve 'api.etherscan.io' ([Errno 8] nodename nor servname provided, or not known)"))
2025-02-24 09:27:13,756 - ERROR - Error getting latest block: HTTPSConnectionPool(host='api.etherscan.io', port=443): Max retries exceeded with url: /api/proxy?module=eth&action=eth_blockNumber (Caused by NameResolutionError("<urllib3.connection.HTTPSConnection object at 0x103b155e0>: Failed to resolve 'api.etherscan.io' ([Errno 8] nodename nor servname provided, or not known)"))
2025-02-24 09:27:28,764 - ERROR - Error getting latest block: HTTPSConnectionPool(host='api.etherscan.io', port=443): Max retries exceeded with url: /api/proxy?module=eth&action=eth_blockNumber (Caused by NameResolutionError("<urllib3.connection.HTTPSConnection object at 0x104d412b0>: Failed to resolve 'api.etherscan.io' ([Errno 8] nodename nor servname provided, or not known)"))
2025-02-24 09:27:43,769 - ERROR - Error getting latest block: HTTPSConnectionPool(host='api.etherscan.io', port=443): Max retries exceeded with url: /api/proxy?module=eth&action=eth_blockNumber (Caused by NameResolutionError("<urllib3.connection.HTTPSConnection object at 0x104cec4a0>: Failed to resolve 'api.etherscan.io' ([Errno 8] nodename nor servname provided, or not known)"))
2025-02-24 09:27:58,771 - ERROR - Error getting latest block: HTTPSConnectionPool(host='api.etherscan.io', port=443): Max retries exceeded with url: /api/proxy?module=eth&action=eth_blockNumber (Caused by NameResolutionError("<urllib3.connection.HTTPSConnection object at 0x104d139b0>: Failed to resolve 'api.etherscan.io' ([Errno 8] nodename nor servname provided, or not known)"))
2025-02-24 09:28:13,780 - ERROR - Error getting latest block: HTTPSConnectionPool(host='api.etherscan.io', port=443): Max retries exceeded with url: /api/proxy?module=eth&action=eth_blockNumber (Caused by NameResolutionError("<urllib3.connection.HTTPSConnection object at 0x104d12360>: Failed to resolve 'api.etherscan.io' ([Errno 8] nodename nor servname provided, or not known)"))
2025-02-24 09:28:28,783 - ERROR - Error getting latest block: HTTPSConnectionPool(host='api.etherscan.io', port=443): Max retries exceeded with url: /api/proxy?module=eth&action=eth_blockNumber (Caused by NameResolutionError("<urllib3.connection.HTTPSConnection object at 0x104d12f30>: Failed to resolve 'api.etherscan.io' ([Errno 8] nodename nor servname provided, or not known)"))
2025-02-24 09:29:36,941 - INFO - Starting USDT transfer monitoring (min: $2,000.00)...
2025-02-24 12:13:40,082 - INFO - Starting USDT transfer monitoring (min: $2,000.00)...
2025-02-24 12:22:13,673 - INFO - Starting USDT transfer monitoring (min: $2,000.00)...
2025-02-24 19:02:35,435 - INFO - Starting USDT transfer monitoring (min: $2,000.00)...
2025-02-25 06:52:23,662 - INFO - Starting USDT transfer monitoring (min: $2,000.00)...
2025-02-25 06:58:01,959 - INFO - Starting stablecoin transfer monitoring (min: $2,000.00)...
2025-02-25 06:59:31,907 - INFO - Starting stablecoin transfer monitoring (min: $1,000.00)...
2025-02-25 07:11:33,865 - INFO - Starting stablecoin transfer monitoring (min: $10,000,000.00)...
2025-02-25 07:13:50,281 - INFO - Starting stablecoin transfer monitoring (min: $10,000,000.00)...
2025-02-25 15:35:50,899 - INFO - Starting stablecoin transfer monitoring (min: $10,000,000.00)...
2025-02-25 15:43:49,807 - INFO - Starting stablecoin transfer monitoring (min: $10,000,000.00)...
2025-02-25 15:43:55,004 - INFO - Starting monitoring (min: $1,000,000.00)...
2025-02-25 15:51:58,644 - INFO - Starting monitoring (min: $1,000,000.00)...
2025-02-25 17:36:24,353 - INFO - Starting monitoring (min: $1,000,000.00)...
2025-02-25 17:44:41,867 - INFO - Starting monitoring (min: $1,000,000.00)...
2025-02-25 17:46:38,922 - INFO - Starting monitoring (min: $2,000.00)...
2025-02-25 17:47:12,411 - INFO - Starting monitoring (min: $2,000.00)...
2025-02-25 18:08:49,065 - INFO - Starting monitoring (min: $2,000.00)...
2025-02-25 19:10:28,377 - INFO - Starting monitoring (min: $2,000.00)...
2025-02-26 16:29:18,299 - INFO - Starting monitoring (min: $2,000.00)...
2025-02-27 10:25:09,759 - INFO - Starting monitoring (min: $2,000.00)...
2025-02-27 11:14:10,395 - INFO - Starting monitoring (min: $2,000.00)...
2025-02-28 12:35:31,489 - INFO - Starting monitoring (min: $2,000.00)...
2025-02-28 13:33:20,785 - ERROR - Attempt 2 failed: ('Connection aborted.', ConnectionResetError(54, 'Connection reset by peer'))
2025-02-28 13:42:56,816 - INFO - Starting ETH monitoring (min: $2,000.00)...
